<?xml version="1.0" encoding="UTF-8"?>
<testng-results ignored="0" total="1" passed="1" failed="0" skipped="0">
  <reporter-output>
  </reporter-output>
  <suite started-at="2022-07-12T19:34:21 EDT" name="Amazon Web Automation" finished-at="2022-07-12T19:34:36 EDT" duration-ms="15328">
    <groups>
    </groups>
    <test started-at="2022-07-12T19:34:21 EDT" name="Amazon Web Automation" finished-at="2022-07-12T19:34:36 EDT" duration-ms="15328">
      <class name="com.amazon.testPages.HomePageTest.HomePageTest">
        <test-method is-config="true" signature="setUpAutomation()[pri:0, instance:com.amazon.testPages.HomePageTest.HomePageTest@1e6a3214]" started-at="2022-07-12T19:34:21 EDT" name="setUpAutomation" finished-at="2022-07-12T19:34:21 EDT" duration-ms="11" status="PASS">
          <reporter-output>
          </reporter-output>
        </test-method> <!-- setUpAutomation -->
        <test-method is-config="true" signature="setup(java.lang.String,java.lang.String)[pri:0, instance:com.amazon.testPages.HomePageTest.HomePageTest@1e6a3214]" started-at="2022-07-12T19:34:21 EDT" name="setup" finished-at="2022-07-12T19:34:26 EDT" duration-ms="4756" status="PASS">
          <params>
            <param index="0">
              <value>
                <![CDATA[chrome]]>
              </value>
            </param>
            <param index="1">
              <value>
                <![CDATA[https://www.amazon.com/]]>
              </value>
            </param>
          </params>
          <reporter-output>
          </reporter-output>
        </test-method> <!-- setup -->
        <test-method signature="verifySearchProductUsingValidProductName()[pri:0, instance:com.amazon.testPages.HomePageTest.HomePageTest@1e6a3214]" started-at="2022-07-12T19:34:26 EDT" name="verifySearchProductUsingValidProductName" finished-at="2022-07-12T19:34:32 EDT" duration-ms="6348" status="PASS">
          <reporter-output>
          </reporter-output>
        </test-method> <!-- verifySearchProductUsingValidProductName -->
        <test-method is-config="true" signature="tearDownAutomation()[pri:0, instance:com.amazon.testPages.HomePageTest.HomePageTest@1e6a3214]" started-at="2022-07-12T19:34:32 EDT" name="tearDownAutomation" finished-at="2022-07-12T19:34:36 EDT" duration-ms="4178" status="PASS">
          <reporter-output>
          </reporter-output>
        </test-method> <!-- tearDownAutomation -->
      </class> <!-- com.amazon.testPages.HomePageTest.HomePageTest -->
    </test> <!-- Amazon Web Automation -->
  </suite> <!-- Amazon Web Automation -->
</testng-results>
